Arguments: 
  /usr/local/bin/node /usr/local/bin/yarn

PATH: 
  /usr/local/bin:/usr/local/maven/apache-maven-3.2.1/bin:/Library/Java/JavaVirtualMachines/jdk1.7.0_72.jdk/Contents/Home/bin:/usr/bin:/bin:/usr/sbin:/sbin:/Users/matthewwinchester/dev/data-tools/bin:/Users/matthewwinchester/bin

Yarn version: 
  0.24.5

Node version: 
  6.9.2

Platform: 
  darwin x64

npm manifest: 
  {
    "name": "widget-3",
    "version": "1.0.0",
    "description": "",
    "main": "lib/index.js",
    "module": "es/index.js",
    "author": "",
    "license": "MIT",
    "scripts": {
      "test": "jest",
      "start": "start-storybook -p 8000 -c ./.storybook",
      "lint": "eslint ./lib",
      "build": "rollup --config",
      "clean": "rm -rf ./es && rm -rf ./coverage"
    },
    "dependencies": {
      "glamor": "^2.20.25",
      "prop-types": "^15.5.10",
      "react": "^15.6.0",
      "react-dom": "^15.6.0"
    },
    "devDependencies": {
      "@storybook/react": "^3.1.3",
      "babel-plugin-external-helpers": "^6.22.0",
      "babel-plugin-transform-class-properties": "^6.24.1",
      "babel-preset-es2015": "^6.24.1",
      "babel-preset-latest": "^6.24.1",
      "babel-preset-react": "^6.24.1",
      "babel-preset-stage-2": "^6.24.1",
      "enzyme": "^2.8.2",
      "eslint": "^4.0.0",
      "eslint-config-airbnb": "^15.0.1",
      "eslint-plugin-import": "^2.3.0",
      "eslint-plugin-jsx-a11y": "^5.0.3",
      "eslint-plugin-react": "^7.1.0",
      "jest": "^20.0.4",
      "react-test-renderer": "^15.5.4",
      "rollup": "^0.43.0",
      "rollup-plugin-babel": "^2.7.1"
    }
  }

yarn manifest: 
  No manifest

Lockfile: 
  No lockfile

Trace: 
  Error: https://registry.yarnpkg.com/@storybook%2freact: User not found
      at Request.params.callback [as _callback] (/usr/local/lib/node_modules/yarn/lib/util/request-manager.js:326:18)
      at Request.self.callback (/usr/local/lib/node_modules/yarn/node_modules/request/request.js:188:22)
      at emitTwo (events.js:106:13)
      at Request.emit (events.js:191:7)
      at Request.<anonymous> (/usr/local/lib/node_modules/yarn/node_modules/request/request.js:1171:10)
      at emitOne (events.js:96:13)
      at Request.emit (events.js:188:7)
      at IncomingMessage.<anonymous> (/usr/local/lib/node_modules/yarn/node_modules/request/request.js:1091:12)
      at IncomingMessage.g (events.js:291:16)
      at emitNone (events.js:91:20)
